2024-09-06 10:34:28,509 : Test genereted: [['MIqQDQUWbEhiB2yxmiaU4IDYONNTkc2S3t6b1oni5w5aHDurOP0oqODkDqislpEjhLeXRBKETypDOz6dqgQ4fT067Cgnk0zhhAoL6yV74imN5HyiJqc9hYR3pvbdvBhvdzYGSaEOySOtGxd8ZABOYXscXRGGPoSHFyJslLZDvmHDacLYGJSDSqguiTKEFTjYxlMIcPqbkIY6B3sCJmMVMG43jz9F7mLKIs1AwAn9Pr9ZG5bJ5DtexrVEf8Vfp75TuSfLQU4C'], ['HicfLFoDjb96sVgC'], ['ztMVCPm4uJhRLQbib4mpDirFy1uK0hPM5EPhpHCiQjT1UGTTJWpddDRLa2nSksmPBRMWxU11WUot5UgrX6ZNP3R6cmu7oAC1A3PZlJNaGeO9mGZHquwzo076XsAniyQdiohyx9xtShPZ7vtjRYyvwUziwx0aHnRrNOYL81NUA0hVR1GpaQVozMMJcD4iElBXSGkb969U3f44X8CtVhR5Wxwc2kwj03TBsXjKJt1KTuo38KVg4QoAL3UEEk8Q1UtY8N5BCAVV'], ['jSpflHQMKCTYQoZYi9KTfal5NJ7HkbraOsTmXwzNIzdxuwOT2XkOKsXfD1JeXchSzRwOBQoC15Fgesh4UPGku2KSEiEVfcehI0cZYlNyWv8FWd2Qqksb5Y4msmWJqOVJ7FZevdjD4ZMTloUHcNCovCSAO13dj8flWAnUESMiuGuWbwdoCkWvVvkvOWXudBLIseFeSWzbWWggAEjk2ekXlr6Gj9wr4tEh8Yzxp7LNxtYCjnENooa0RqtwXd7iYMoZgrJBy139ThiakyvVyXyHSXc2S1LlPcMqG5Ndu2b83MGnF9wqYr24oJoyfUXGMioThrplXIca3ylNPETzv48q1hmkxE1w29nK2n8O9FREKNXxQFhXyIVDuN0hax0YLlyQTZEDP46M8ntTZnA6p1i9TRkph3EWjrxZyxdtdu3pVDz73TMsVifwJnrNvO6xxwiViwIhMzGjyyWzUskGu2yGHspS3bSPWUVljNtUMapCs5JkUczNoXDqi55iNdWv9DW9cNnjuv9pUMGDmg']]
2024-09-06 10:34:28,547 : Binary file: test/liblouis.so.20.0.19
2024-09-06 10:46:55,903 : Binary file: test/libwebp.so.7.1.9
2024-09-06 10:47:00,883 : The program is accessing register with an unspecified value. This could indicate unwanted behavior.
2024-09-06 10:47:00,883 : angr will cope with this by generating an unconstrained symbolic variable and continuing. You can resolve this by:
2024-09-06 10:47:00,883 : 1) setting a value to the initial state
2024-09-06 10:47:00,883 : 2) adding the state option ZERO_FILL_UNCONSTRAINED_{MEMORY,REGISTERS}, to make unknown regions hold null
2024-09-06 10:47:00,883 : 3) adding the state option SYMBOL_FILL_UNCONSTRAINED_{MEMORY,REGISTERS}, to suppress these messages.
2024-09-06 10:47:00,883 : Filling register rbp with 8 unconstrained bytes referenced from 0x0 (not part of a loaded object)
2024-09-06 10:47:00,884 : Filling register rsp with 8 unconstrained bytes referenced from 0x4a9e0a (Reset+0xcf in libwebp.so.7 (0xa9e0a))
2024-09-06 10:47:01,048 : Unsupported Binop Iop_Sub8x16.
2024-09-06 10:47:04,059 : Address 0x4aa17a is not hooked
2024-09-06 10:47:04,353 : Address 0x4aa17a is not hooked
2024-09-06 10:47:05,363 : Address 0x404921 is not hooked
2024-09-06 10:47:05,371 : Address 0x404921 is not hooked
2024-09-06 10:47:08,238 : Address 0x404921 is not hooked
2024-09-06 10:47:10,449 : Reading memory with overlapping variables: [(0, <0x409abc[is_15]|Stack bp-0x44, 1 B>), (0, <0x409abc[is_11]|Stack bp-0x44, 1 B>)]. Ignoring all but the first one.
2024-09-06 10:47:10,455 : Reading memory with overlapping variables: [(0, <0x409abc[is_15]|Stack bp-0x44, 1 B>), (0, <0x409abc[is_11]|Stack bp-0x44, 1 B>)]. Ignoring all but the first one.
2024-09-06 10:55:29,900 : Binary file: test/libwebp.so.7.1.9
2024-09-06 10:55:35,052 : The program is accessing register with an unspecified value. This could indicate unwanted behavior.
2024-09-06 10:55:35,052 : angr will cope with this by generating an unconstrained symbolic variable and continuing. You can resolve this by:
2024-09-06 10:55:35,052 : 1) setting a value to the initial state
2024-09-06 10:55:35,052 : 2) adding the state option ZERO_FILL_UNCONSTRAINED_{MEMORY,REGISTERS}, to make unknown regions hold null
2024-09-06 10:55:35,052 : 3) adding the state option SYMBOL_FILL_UNCONSTRAINED_{MEMORY,REGISTERS}, to suppress these messages.
2024-09-06 10:55:35,052 : Filling register rbp with 8 unconstrained bytes referenced from 0x0 (not part of a loaded object)
2024-09-06 10:55:35,054 : Filling register rsp with 8 unconstrained bytes referenced from 0x4a9e0a (Reset+0xcf in libwebp.so.7 (0xa9e0a))
2024-09-06 10:55:35,303 : Unsupported Binop Iop_Sub8x16.
2024-09-06 10:55:44,268 : Reading memory with overlapping variables: [(0, <0x409abc[is_11]|Stack bp-0x44, 1 B>), (0, <0x409abc[is_15]|Stack bp-0x44, 1 B>)]. Ignoring all but the first one.
2024-09-06 10:55:44,274 : Reading memory with overlapping variables: [(0, <0x409abc[is_11]|Stack bp-0x44, 1 B>), (0, <0x409abc[is_15]|Stack bp-0x44, 1 B>)]. Ignoring all but the first one.
2024-09-06 10:55:52,197 : Reading memory with overlapping variables: [(0, <0x4103a3[is_7]|Stack bp-0x18, 4 B>), (0, <0x4103a3[is_12]|Stack bp-0x18, 2 B>)]. Ignoring all but the first one.
2024-09-06 10:55:57,227 : Unimplemented Dirty node for current architecture.
2024-09-06 10:55:57,232 : Unimplemented Dirty node for current architecture.
2024-09-06 10:55:58,257 : Reading memory with overlapping variables: [(0, <0x415e0c[is_5]|Stack bp-0xc, 1 B>), (-1, <0x415e0c[is_6]|Stack bp-0xb, 1 B>), (-2, <0x415e0c[is_7]|Stack bp-0xa, 1 B>), (-3, <0x415e0c[is_8]|Stack bp-0x9, 1 B>)]. Ignoring all but the first one.
2024-09-06 10:55:58,261 : Reading memory with overlapping variables: [(0, <0x415e0c[is_5]|Stack bp-0xc, 1 B>), (-1, <0x415e0c[is_6]|Stack bp-0xb, 1 B>), (-2, <0x415e0c[is_7]|Stack bp-0xa, 1 B>), (-3, <0x415e0c[is_8]|Stack bp-0x9, 1 B>)]. Ignoring all but the first one.
2024-09-06 10:56:05,307 : Unsupported Binop Iop_64HLto128.
2024-09-06 10:56:12,550 : Reading memory with overlapping variables: [(0, <0x420347[is_5]|Stack bp-0xc, 1 B>), (-1, <0x420347[is_6]|Stack bp-0xb, 1 B>), (-2, <0x420347[is_7]|Stack bp-0xa, 1 B>), (-3, <0x420347[is_8]|Stack bp-0x9, 1 B>)]. Ignoring all but the first one.
2024-09-06 10:56:12,554 : Reading memory with overlapping variables: [(0, <0x420347[is_5]|Stack bp-0xc, 1 B>), (-1, <0x420347[is_6]|Stack bp-0xb, 1 B>), (-2, <0x420347[is_7]|Stack bp-0xa, 1 B>), (-3, <0x420347[is_8]|Stack bp-0x9, 1 B>)]. Ignoring all but the first one.
2024-09-06 10:56:13,842 : Unsupported Binop Iop_I64StoF64.
2024-09-06 10:56:13,858 : Unsupported Binop Iop_CmpF64.
2024-09-06 10:56:13,861 : Unsupported Binop Iop_F64toI64S.
2024-09-06 10:56:17,310 : Unsupported Binop Iop_QNarrowBin16Sto8Sx16.
2024-09-06 10:56:17,310 : Unsupported Unop Iop_GetMSBs8x16.
2024-09-06 10:56:17,324 : Unsupported Unop Iop_GetMSBs8x16.
2024-09-06 10:56:17,391 : Reading memory with overlapping variables: [(0, <0x424ab6[is_40]|Stack bp-0x310, 8 B>), (-8, <0x424ab6[is_41]|Stack bp-0x308, 8 B>)]. Ignoring all but the first one.
2024-09-06 10:56:17,410 : Unsupported Binop Iop_Sub16x8.
2024-09-06 10:56:17,422 : Reading memory with overlapping variables: [(0, <0x424ab6[is_62]|Stack bp-0x310, 8 B>), (-8, <0x424ab6[is_63]|Stack bp-0x308, 8 B>)]. Ignoring all but the first one.
2024-09-06 10:56:17,434 : Unsupported Binop Iop_Max16Sx8.
2024-09-06 10:56:17,435 : Unsupported Binop Iop_Min8Ux16.
2024-09-06 10:56:17,549 : Unsupported Binop Iop_64HLtoV128.
2024-09-06 10:56:17,549 : Unsupported Binop Iop_Add32x4.
2024-09-06 10:56:17,575 : Unsupported Binop Iop_InterleaveLO64x2.
2024-09-06 10:56:17,635 : Unsupported Binop Iop_InterleaveLO16x8.
2024-09-06 10:56:17,636 : Unsupported Binop Iop_InterleaveHI16x8.
2024-09-06 10:56:17,636 : Unsupported Binop Iop_InterleaveLO32x4.
2024-09-06 10:56:17,661 : Unsupported Binop Iop_InterleaveHI32x4.
2024-09-06 10:56:17,661 : Unsupported Binop Iop_InterleaveHI64x2.
2024-09-06 10:56:17,684 : Unsupported Binop Iop_Add16x8.
2024-09-06 10:56:17,754 : Unsupported Binop Iop_SarN16x8.
2024-09-06 10:56:18,043 : Unsupported Binop Iop_QNarrowBin16Sto8Ux16.
2024-09-06 10:56:18,279 : Unsupported Binop Iop_InterleaveLO8x16.
2024-09-06 10:56:18,716 : Unsupported Binop Iop_SarN32x4.
2024-09-06 10:56:18,716 : Unsupported Binop Iop_QNarrowBin32Sto16Sx8.
2024-09-06 10:56:19,292 : Unsupported Binop Iop_QAdd16Sx8.
2024-09-06 10:56:19,293 : Unsupported Binop Iop_QSub16Sx8.
2024-09-06 10:56:19,359 : Unsupported Binop Iop_Sub32x4.
2024-09-06 10:56:19,459 : Unsupported Binop Iop_Min16Sx8.
2024-09-06 10:56:19,581 : Reading memory with overlapping variables: [(0, <0x42a847[is_29]|Stack bp-0xa0, 8 B>), (-8, <0x42a847[is_30]|Stack bp-0x98, 8 B>)]. Ignoring all but the first one.
2024-09-06 10:56:19,686 : Reading memory with overlapping variables: [(0, <0x42aa42[is_28]|Stack bp-0x90, 8 B>), (-8, <0x42aa42[is_29]|Stack bp-0x88, 8 B>)]. Ignoring all but the first one.
2024-09-06 10:56:19,913 : Reading memory with overlapping variables: [(0, <0x42ae01[is_30]|Stack bp-0xa0, 8 B>), (-8, <0x42ae01[is_31]|Stack bp-0x98, 8 B>)]. Ignoring all but the first one.
2024-09-06 10:56:19,946 : Reading memory with overlapping variables: [(0, <0x42ae01[is_30]|Stack bp-0xa0, 8 B>), (-8, <0x42ae01[is_31]|Stack bp-0x98, 8 B>)]. Ignoring all but the first one.
2024-09-06 10:56:20,005 : Reading memory with overlapping variables: [(0, <0x42b010[is_29]|Stack bp-0x90, 8 B>), (-8, <0x42b010[is_30]|Stack bp-0x88, 8 B>)]. Ignoring all but the first one.
2024-09-06 10:56:20,038 : Reading memory with overlapping variables: [(0, <0x42b010[is_29]|Stack bp-0x90, 8 B>), (-8, <0x42b010[is_30]|Stack bp-0x88, 8 B>)]. Ignoring all but the first one.
2024-09-06 10:56:21,557 : Unsupported Binop Iop_InterleaveHI8x16.
2024-09-06 10:56:22,028 : Unsupported Binop Iop_Avg8Ux16.
2024-09-06 10:56:22,035 : Reading memory with overlapping variables: [(0, <0x42bd55[is_28]|Stack bp-0x1d0, 8 B>), (-8, <0x42bd55[is_29]|Stack bp-0x1c8, 8 B>)]. Ignoring all but the first one.
2024-09-06 10:56:22,052 : Unsupported Binop Iop_QSub8Ux16.
2024-09-06 10:56:22,201 : Reading memory with overlapping variables: [(0, <0x42c2fb[is_28]|Stack bp-0x200, 8 B>), (-8, <0x42c2fb[is_29]|Stack bp-0x1f8, 8 B>)]. Ignoring all but the first one.
2024-09-06 10:56:22,293 : Reading memory with overlapping variables: [(0, <0x42c797[is_28]|Stack bp-0x240, 8 B>), (-8, <0x42c797[is_29]|Stack bp-0x238, 8 B>)]. Ignoring all but the first one.
2024-09-06 10:56:22,403 : Reading memory with overlapping variables: [(0, <0x42cd26[is_28]|Stack bp-0x2f0, 8 B>), (-8, <0x42cd26[is_29]|Stack bp-0x2e8, 8 B>)]. Ignoring all but the first one.
2024-09-06 10:56:22,511 : Reading memory with overlapping variables: [(0, <0x42c2fb[is_28]|s_200(stack) bp-0x200, 8 B>), (-8, <0x42c2fb[is_29]|s_1f8(stack) bp-0x1f8, 8 B>)]. Ignoring all but the first one.
2024-09-06 10:56:23,264 : Unsupported Binop Iop_ShrN16x8.
2024-09-06 10:56:23,676 : Unsupported Binop Iop_MulHi16Ux8.
2024-09-06 10:56:23,676 : Unsupported Binop Iop_Mul16x8.
2024-09-06 10:56:23,907 : Unsupported Unop Iop_GetMSBs8x16.
2024-09-06 10:56:23,922 : Unsupported Unop Iop_GetMSBs8x16.
2024-09-06 10:56:23,925 : Unsupported Unop Iop_GetMSBs8x16.
2024-09-06 10:56:23,931 : Unsupported Unop Iop_GetMSBs8x16.
2024-09-06 11:16:10,021 : Binary file: test/libwebp.so.7.1.9
2024-09-06 11:16:15,333 : The program is accessing register with an unspecified value. This could indicate unwanted behavior.
2024-09-06 11:16:15,333 : angr will cope with this by generating an unconstrained symbolic variable and continuing. You can resolve this by:
2024-09-06 11:16:15,333 : 1) setting a value to the initial state
2024-09-06 11:16:15,333 : 2) adding the state option ZERO_FILL_UNCONSTRAINED_{MEMORY,REGISTERS}, to make unknown regions hold null
2024-09-06 11:16:15,333 : 3) adding the state option SYMBOL_FILL_UNCONSTRAINED_{MEMORY,REGISTERS}, to suppress these messages.
2024-09-06 11:16:15,333 : Filling register rbp with 8 unconstrained bytes referenced from 0x0 (not part of a loaded object)
2024-09-06 11:16:15,334 : Filling register rsp with 8 unconstrained bytes referenced from 0x4a9e0a (Reset+0xcf in libwebp.so.7 (0xa9e0a))
2024-09-06 11:16:15,406 : Unsupported Binop Iop_Sub8x16.
2024-09-06 11:16:24,579 : Reading memory with overlapping variables: [(0, <0x409abc[is_11]|Stack bp-0x44, 1 B>), (0, <0x409abc[is_15]|Stack bp-0x44, 1 B>)]. Ignoring all but the first one.
2024-09-06 11:16:24,586 : Reading memory with overlapping variables: [(0, <0x409abc[is_11]|Stack bp-0x44, 1 B>), (0, <0x409abc[is_15]|Stack bp-0x44, 1 B>)]. Ignoring all but the first one.
2024-09-06 11:16:32,716 : Reading memory with overlapping variables: [(0, <0x4103a3[is_7]|Stack bp-0x18, 4 B>), (0, <0x4103a3[is_12]|Stack bp-0x18, 2 B>)]. Ignoring all but the first one.
2024-09-06 11:16:37,635 : Unimplemented Dirty node for current architecture.
2024-09-06 11:16:37,639 : Unimplemented Dirty node for current architecture.
2024-09-06 11:16:38,723 : Reading memory with overlapping variables: [(0, <0x415e0c[is_5]|Stack bp-0xc, 1 B>), (-1, <0x415e0c[is_6]|Stack bp-0xb, 1 B>), (-2, <0x415e0c[is_7]|Stack bp-0xa, 1 B>), (-3, <0x415e0c[is_8]|Stack bp-0x9, 1 B>)]. Ignoring all but the first one.
2024-09-06 11:16:38,727 : Reading memory with overlapping variables: [(0, <0x415e0c[is_5]|Stack bp-0xc, 1 B>), (-1, <0x415e0c[is_6]|Stack bp-0xb, 1 B>), (-2, <0x415e0c[is_7]|Stack bp-0xa, 1 B>), (-3, <0x415e0c[is_8]|Stack bp-0x9, 1 B>)]. Ignoring all but the first one.
2024-09-06 11:16:46,116 : Unsupported Binop Iop_64HLto128.
2024-09-06 11:16:53,550 : Reading memory with overlapping variables: [(0, <0x420347[is_5]|Stack bp-0xc, 1 B>), (-1, <0x420347[is_6]|Stack bp-0xb, 1 B>), (-2, <0x420347[is_7]|Stack bp-0xa, 1 B>), (-3, <0x420347[is_8]|Stack bp-0x9, 1 B>)]. Ignoring all but the first one.
2024-09-06 11:16:53,554 : Reading memory with overlapping variables: [(0, <0x420347[is_5]|Stack bp-0xc, 1 B>), (-1, <0x420347[is_6]|Stack bp-0xb, 1 B>), (-2, <0x420347[is_7]|Stack bp-0xa, 1 B>), (-3, <0x420347[is_8]|Stack bp-0x9, 1 B>)]. Ignoring all but the first one.
2024-09-06 11:16:54,879 : Unsupported Binop Iop_I64StoF64.
2024-09-06 11:16:54,895 : Unsupported Binop Iop_CmpF64.
2024-09-06 11:16:54,898 : Unsupported Binop Iop_F64toI64S.
2024-09-06 11:16:58,490 : Unsupported Binop Iop_QNarrowBin16Sto8Sx16.
2024-09-06 11:16:58,491 : Unsupported Unop Iop_GetMSBs8x16.
2024-09-06 11:16:58,504 : Unsupported Unop Iop_GetMSBs8x16.
2024-09-06 11:16:58,574 : Reading memory with overlapping variables: [(0, <0x424ab6[is_40]|Stack bp-0x310, 8 B>), (-8, <0x424ab6[is_41]|Stack bp-0x308, 8 B>)]. Ignoring all but the first one.
2024-09-06 11:16:58,594 : Unsupported Binop Iop_Sub16x8.
2024-09-06 11:16:58,606 : Reading memory with overlapping variables: [(0, <0x424ab6[is_62]|Stack bp-0x310, 8 B>), (-8, <0x424ab6[is_63]|Stack bp-0x308, 8 B>)]. Ignoring all but the first one.
2024-09-06 11:16:58,619 : Unsupported Binop Iop_Max16Sx8.
2024-09-06 11:16:58,619 : Unsupported Binop Iop_Min8Ux16.
2024-09-06 11:16:58,736 : Unsupported Binop Iop_64HLtoV128.
2024-09-06 11:16:58,736 : Unsupported Binop Iop_Add32x4.
2024-09-06 11:16:58,764 : Unsupported Binop Iop_InterleaveLO64x2.
2024-09-06 11:16:58,826 : Unsupported Binop Iop_InterleaveLO16x8.
2024-09-06 11:16:58,826 : Unsupported Binop Iop_InterleaveHI16x8.
2024-09-06 11:16:58,827 : Unsupported Binop Iop_InterleaveLO32x4.
2024-09-06 11:16:58,852 : Unsupported Binop Iop_InterleaveHI32x4.
2024-09-06 11:16:58,853 : Unsupported Binop Iop_InterleaveHI64x2.
2024-09-06 11:16:58,876 : Unsupported Binop Iop_Add16x8.
2024-09-06 11:16:58,948 : Unsupported Binop Iop_SarN16x8.
2024-09-06 11:16:59,248 : Unsupported Binop Iop_QNarrowBin16Sto8Ux16.
2024-09-06 11:16:59,490 : Unsupported Binop Iop_InterleaveLO8x16.
2024-09-06 11:16:59,941 : Unsupported Binop Iop_SarN32x4.
2024-09-06 11:16:59,941 : Unsupported Binop Iop_QNarrowBin32Sto16Sx8.
2024-09-06 11:17:00,518 : Unsupported Binop Iop_QAdd16Sx8.
2024-09-06 11:17:00,519 : Unsupported Binop Iop_QSub16Sx8.
2024-09-06 11:17:00,586 : Unsupported Binop Iop_Sub32x4.
2024-09-06 11:17:00,689 : Unsupported Binop Iop_Min16Sx8.
2024-09-06 11:17:00,814 : Reading memory with overlapping variables: [(0, <0x42a847[is_29]|Stack bp-0xa0, 8 B>), (-8, <0x42a847[is_30]|Stack bp-0x98, 8 B>)]. Ignoring all but the first one.
2024-09-06 11:17:00,922 : Reading memory with overlapping variables: [(0, <0x42aa42[is_28]|Stack bp-0x90, 8 B>), (-8, <0x42aa42[is_29]|Stack bp-0x88, 8 B>)]. Ignoring all but the first one.
2024-09-06 11:17:01,158 : Reading memory with overlapping variables: [(0, <0x42ae01[is_30]|Stack bp-0xa0, 8 B>), (-8, <0x42ae01[is_31]|Stack bp-0x98, 8 B>)]. Ignoring all but the first one.
2024-09-06 11:17:01,194 : Reading memory with overlapping variables: [(0, <0x42ae01[is_30]|Stack bp-0xa0, 8 B>), (-8, <0x42ae01[is_31]|Stack bp-0x98, 8 B>)]. Ignoring all but the first one.
2024-09-06 11:17:01,256 : Reading memory with overlapping variables: [(0, <0x42b010[is_29]|Stack bp-0x90, 8 B>), (-8, <0x42b010[is_30]|Stack bp-0x88, 8 B>)]. Ignoring all but the first one.
2024-09-06 11:17:02,780 : Reading memory with overlapping variables: [(0, <0x42b010[is_29]|Stack bp-0x90, 8 B>), (-8, <0x42b010[is_30]|Stack bp-0x88, 8 B>)]. Ignoring all but the first one.
2024-09-06 11:17:02,859 : Unsupported Binop Iop_InterleaveHI8x16.
2024-09-06 11:17:03,344 : Unsupported Binop Iop_Avg8Ux16.
2024-09-06 11:17:03,352 : Reading memory with overlapping variables: [(0, <0x42bd55[is_28]|Stack bp-0x1d0, 8 B>), (-8, <0x42bd55[is_29]|Stack bp-0x1c8, 8 B>)]. Ignoring all but the first one.
2024-09-06 11:17:03,369 : Unsupported Binop Iop_QSub8Ux16.
2024-09-06 11:17:03,524 : Reading memory with overlapping variables: [(0, <0x42c2fb[is_28]|Stack bp-0x200, 8 B>), (-8, <0x42c2fb[is_29]|Stack bp-0x1f8, 8 B>)]. Ignoring all but the first one.
2024-09-06 11:17:03,620 : Reading memory with overlapping variables: [(0, <0x42c797[is_28]|Stack bp-0x240, 8 B>), (-8, <0x42c797[is_29]|Stack bp-0x238, 8 B>)]. Ignoring all but the first one.
2024-09-06 11:17:03,735 : Reading memory with overlapping variables: [(0, <0x42cd26[is_28]|Stack bp-0x2f0, 8 B>), (-8, <0x42cd26[is_29]|Stack bp-0x2e8, 8 B>)]. Ignoring all but the first one.
2024-09-06 11:17:03,848 : Reading memory with overlapping variables: [(0, <0x42c2fb[is_28]|s_200(stack) bp-0x200, 8 B>), (-8, <0x42c2fb[is_29]|s_1f8(stack) bp-0x1f8, 8 B>)]. Ignoring all but the first one.
2024-09-06 11:17:04,628 : Unsupported Binop Iop_ShrN16x8.
2024-09-06 11:17:05,054 : Unsupported Binop Iop_MulHi16Ux8.
2024-09-06 11:17:05,054 : Unsupported Binop Iop_Mul16x8.
2024-09-06 11:17:05,290 : Unsupported Unop Iop_GetMSBs8x16.
2024-09-06 11:17:05,305 : Unsupported Unop Iop_GetMSBs8x16.
2024-09-06 11:17:05,309 : Unsupported Unop Iop_GetMSBs8x16.
2024-09-06 11:17:05,315 : Unsupported Unop Iop_GetMSBs8x16.
2024-09-06 11:47:19,248 : Binary file: test/libwebp.so.7.1.9
2024-09-06 11:47:24,426 : The program is accessing register with an unspecified value. This could indicate unwanted behavior.
2024-09-06 11:47:24,427 : angr will cope with this by generating an unconstrained symbolic variable and continuing. You can resolve this by:
2024-09-06 11:47:24,427 : 1) setting a value to the initial state
2024-09-06 11:47:24,427 : 2) adding the state option ZERO_FILL_UNCONSTRAINED_{MEMORY,REGISTERS}, to make unknown regions hold null
2024-09-06 11:47:24,427 : 3) adding the state option SYMBOL_FILL_UNCONSTRAINED_{MEMORY,REGISTERS}, to suppress these messages.
2024-09-06 11:47:24,427 : Filling register rbp with 8 unconstrained bytes referenced from 0x0 (not part of a loaded object)
2024-09-06 11:47:24,428 : Filling register rsp with 8 unconstrained bytes referenced from 0x4a9e0a (Reset+0xcf in libwebp.so.7 (0xa9e0a))
2024-09-06 11:47:24,477 : Unsupported Binop Iop_Sub8x16.
2024-09-06 11:47:33,467 : Reading memory with overlapping variables: [(0, <0x409abc[is_15]|Stack bp-0x44, 1 B>), (0, <0x409abc[is_11]|Stack bp-0x44, 1 B>)]. Ignoring all but the first one.
2024-09-06 11:47:33,473 : Reading memory with overlapping variables: [(0, <0x409abc[is_15]|Stack bp-0x44, 1 B>), (0, <0x409abc[is_11]|Stack bp-0x44, 1 B>)]. Ignoring all but the first one.
2024-09-06 11:47:41,146 : Reading memory with overlapping variables: [(0, <0x4103a3[is_7]|Stack bp-0x18, 4 B>), (0, <0x4103a3[is_12]|Stack bp-0x18, 2 B>)]. Ignoring all but the first one.
2024-09-06 11:47:46,385 : Unimplemented Dirty node for current architecture.
2024-09-06 11:47:46,389 : Unimplemented Dirty node for current architecture.
2024-09-06 11:47:47,457 : Reading memory with overlapping variables: [(0, <0x415e0c[is_5]|Stack bp-0xc, 1 B>), (-1, <0x415e0c[is_6]|Stack bp-0xb, 1 B>), (-2, <0x415e0c[is_7]|Stack bp-0xa, 1 B>), (-3, <0x415e0c[is_8]|Stack bp-0x9, 1 B>)]. Ignoring all but the first one.
2024-09-06 11:47:47,461 : Reading memory with overlapping variables: [(0, <0x415e0c[is_5]|Stack bp-0xc, 1 B>), (-1, <0x415e0c[is_6]|Stack bp-0xb, 1 B>), (-2, <0x415e0c[is_7]|Stack bp-0xa, 1 B>), (-3, <0x415e0c[is_8]|Stack bp-0x9, 1 B>)]. Ignoring all but the first one.
2024-09-06 11:47:54,709 : Unsupported Binop Iop_64HLto128.
2024-09-06 11:48:02,476 : Reading memory with overlapping variables: [(0, <0x420347[is_5]|Stack bp-0xc, 1 B>), (-1, <0x420347[is_6]|Stack bp-0xb, 1 B>), (-2, <0x420347[is_7]|Stack bp-0xa, 1 B>), (-3, <0x420347[is_8]|Stack bp-0x9, 1 B>)]. Ignoring all but the first one.
2024-09-06 11:48:02,481 : Reading memory with overlapping variables: [(0, <0x420347[is_5]|Stack bp-0xc, 1 B>), (-1, <0x420347[is_6]|Stack bp-0xb, 1 B>), (-2, <0x420347[is_7]|Stack bp-0xa, 1 B>), (-3, <0x420347[is_8]|Stack bp-0x9, 1 B>)]. Ignoring all but the first one.
2024-09-06 11:48:03,930 : Unsupported Binop Iop_I64StoF64.
2024-09-06 11:48:03,946 : Unsupported Binop Iop_CmpF64.
2024-09-06 11:48:03,956 : Unsupported Binop Iop_F64toI64S.
2024-09-06 11:48:07,875 : Unsupported Binop Iop_QNarrowBin16Sto8Sx16.
2024-09-06 11:48:07,876 : Unsupported Unop Iop_GetMSBs8x16.
2024-09-06 11:48:07,890 : Unsupported Unop Iop_GetMSBs8x16.
2024-09-06 11:48:07,960 : Reading memory with overlapping variables: [(0, <0x424ab6[is_40]|Stack bp-0x310, 8 B>), (-8, <0x424ab6[is_41]|Stack bp-0x308, 8 B>)]. Ignoring all but the first one.
2024-09-06 11:48:07,981 : Unsupported Binop Iop_Sub16x8.
2024-09-06 11:48:07,995 : Reading memory with overlapping variables: [(0, <0x424ab6[is_62]|Stack bp-0x310, 8 B>), (-8, <0x424ab6[is_63]|Stack bp-0x308, 8 B>)]. Ignoring all but the first one.
2024-09-06 11:48:08,008 : Unsupported Binop Iop_Max16Sx8.
2024-09-06 11:48:08,009 : Unsupported Binop Iop_Min8Ux16.
2024-09-06 11:48:08,127 : Unsupported Binop Iop_64HLtoV128.
2024-09-06 11:48:08,128 : Unsupported Binop Iop_Add32x4.
2024-09-06 11:48:08,158 : Unsupported Binop Iop_InterleaveLO64x2.
2024-09-06 11:48:08,225 : Unsupported Binop Iop_InterleaveLO16x8.
2024-09-06 11:48:08,225 : Unsupported Binop Iop_InterleaveHI16x8.
2024-09-06 11:48:08,226 : Unsupported Binop Iop_InterleaveLO32x4.
2024-09-06 11:48:08,251 : Unsupported Binop Iop_InterleaveHI32x4.
2024-09-06 11:48:08,251 : Unsupported Binop Iop_InterleaveHI64x2.
2024-09-06 11:48:08,275 : Unsupported Binop Iop_Add16x8.
2024-09-06 11:48:08,353 : Unsupported Binop Iop_SarN16x8.
2024-09-06 11:48:08,669 : Unsupported Binop Iop_QNarrowBin16Sto8Ux16.
2024-09-06 11:48:08,954 : Unsupported Binop Iop_InterleaveLO8x16.
2024-09-06 11:48:09,481 : Unsupported Binop Iop_SarN32x4.
2024-09-06 11:48:09,482 : Unsupported Binop Iop_QNarrowBin32Sto16Sx8.
2024-09-06 11:48:10,071 : Unsupported Binop Iop_QAdd16Sx8.
2024-09-06 11:48:10,072 : Unsupported Binop Iop_QSub16Sx8.
2024-09-06 11:48:10,139 : Unsupported Binop Iop_Sub32x4.
2024-09-06 11:48:10,247 : Unsupported Binop Iop_Min16Sx8.
2024-09-06 11:48:10,385 : Reading memory with overlapping variables: [(0, <0x42a847[is_29]|Stack bp-0xa0, 8 B>), (-8, <0x42a847[is_30]|Stack bp-0x98, 8 B>)]. Ignoring all but the first one.
2024-09-06 11:48:10,511 : Reading memory with overlapping variables: [(0, <0x42aa42[is_28]|Stack bp-0x90, 8 B>), (-8, <0x42aa42[is_29]|Stack bp-0x88, 8 B>)]. Ignoring all but the first one.
2024-09-06 11:48:10,792 : Reading memory with overlapping variables: [(0, <0x42ae01[is_30]|Stack bp-0xa0, 8 B>), (-8, <0x42ae01[is_31]|Stack bp-0x98, 8 B>)]. Ignoring all but the first one.
2024-09-06 11:48:10,832 : Reading memory with overlapping variables: [(0, <0x42ae01[is_30]|Stack bp-0xa0, 8 B>), (-8, <0x42ae01[is_31]|Stack bp-0x98, 8 B>)]. Ignoring all but the first one.
2024-09-06 11:48:10,901 : Reading memory with overlapping variables: [(0, <0x42b010[is_29]|Stack bp-0x90, 8 B>), (-8, <0x42b010[is_30]|Stack bp-0x88, 8 B>)]. Ignoring all but the first one.
2024-09-06 11:48:10,939 : Reading memory with overlapping variables: [(0, <0x42b010[is_29]|Stack bp-0x90, 8 B>), (-8, <0x42b010[is_30]|Stack bp-0x88, 8 B>)]. Ignoring all but the first one.
2024-09-06 11:48:11,033 : Unsupported Binop Iop_InterleaveHI8x16.
2024-09-06 11:48:13,145 : Unsupported Binop Iop_Avg8Ux16.
2024-09-06 11:48:13,154 : Reading memory with overlapping variables: [(0, <0x42bd55[is_28]|Stack bp-0x1d0, 8 B>), (-8, <0x42bd55[is_29]|Stack bp-0x1c8, 8 B>)]. Ignoring all but the first one.
2024-09-06 11:48:13,170 : Unsupported Binop Iop_QSub8Ux16.
2024-09-06 11:48:13,329 : Reading memory with overlapping variables: [(0, <0x42c2fb[is_28]|Stack bp-0x200, 8 B>), (-8, <0x42c2fb[is_29]|Stack bp-0x1f8, 8 B>)]. Ignoring all but the first one.
2024-09-06 11:48:13,423 : Reading memory with overlapping variables: [(0, <0x42c797[is_28]|Stack bp-0x240, 8 B>), (-8, <0x42c797[is_29]|Stack bp-0x238, 8 B>)]. Ignoring all but the first one.
2024-09-06 11:48:13,545 : Reading memory with overlapping variables: [(0, <0x42cd26[is_28]|Stack bp-0x2f0, 8 B>), (-8, <0x42cd26[is_29]|Stack bp-0x2e8, 8 B>)]. Ignoring all but the first one.
2024-09-06 11:48:13,673 : Reading memory with overlapping variables: [(0, <0x42c2fb[is_28]|s_200(stack) bp-0x200, 8 B>), (-8, <0x42c2fb[is_29]|s_1f8(stack) bp-0x1f8, 8 B>)]. Ignoring all but the first one.
2024-09-06 11:48:14,501 : Unsupported Binop Iop_ShrN16x8.
2024-09-06 11:48:14,947 : Unsupported Binop Iop_MulHi16Ux8.
2024-09-06 11:48:14,947 : Unsupported Binop Iop_Mul16x8.
2024-09-06 11:48:15,195 : Unsupported Unop Iop_GetMSBs8x16.
2024-09-06 11:48:15,210 : Unsupported Unop Iop_GetMSBs8x16.
2024-09-06 11:48:15,214 : Unsupported Unop Iop_GetMSBs8x16.
2024-09-06 11:48:15,219 : Unsupported Unop Iop_GetMSBs8x16.
2024-09-06 11:48:15,501 : Unsupported Binop Iop_ShlN16x8.
2024-09-06 11:48:15,502 : Unsupported Binop Iop_ShrN32x4.
2024-09-06 11:48:15,502 : Unsupported Binop Iop_Add8x16.
2024-09-06 11:48:16,399 : Unsupported Unop Iop_GetMSBs8x16.
2024-09-06 11:48:16,419 : Unsupported Unop Iop_GetMSBs8x16.
2024-09-06 11:48:16,423 : Unsupported Unop Iop_GetMSBs8x16.
2024-09-06 11:48:16,424 : Unsupported Unop Iop_GetMSBs8x16.
2024-09-06 11:48:16,529 : Unsupported Unop Iop_GetMSBs8x16.
2024-09-06 11:48:16,549 : Unsupported Unop Iop_GetMSBs8x16.
2024-09-06 11:48:16,552 : Unsupported Unop Iop_GetMSBs8x16.
2024-09-06 11:48:16,554 : Unsupported Unop Iop_GetMSBs8x16.
2024-09-06 11:48:16,590 : Unsupported Unop Iop_GetMSBs8x16.
2024-09-06 11:48:16,605 : Unsupported Unop Iop_GetMSBs8x16.
2024-09-06 11:48:16,609 : Unsupported Unop Iop_GetMSBs8x16.
2024-09-06 11:48:16,622 : Unsupported Unop Iop_GetMSBs8x16.
2024-09-06 11:48:16,626 : Unsupported Unop Iop_GetMSBs8x16.
2024-09-06 11:48:16,637 : Unsupported Unop Iop_GetMSBs8x16.
2024-09-06 11:48:16,641 : Unsupported Unop Iop_GetMSBs8x16.
2024-09-06 11:48:16,652 : Unsupported Unop Iop_GetMSBs8x16.
2024-09-06 11:48:16,656 : Unsupported Unop Iop_GetMSBs8x16.
2024-09-06 11:48:16,666 : Unsupported Unop Iop_GetMSBs8x16.
2024-09-06 11:48:16,670 : Unsupported Unop Iop_GetMSBs8x16.
2024-09-06 11:48:16,675 : Unsupported Unop Iop_GetMSBs8x16.
2024-09-06 11:48:16,680 : Unsupported Unop Iop_GetMSBs8x16.
2024-09-06 11:48:16,687 : Unsupported Unop Iop_GetMSBs8x16.
2024-09-06 11:48:16,966 : Unsupported Binop Iop_ShlN64x2.
2024-09-06 11:48:16,966 : Unsupported Unop Iop_GetMSBs8x16.
2024-09-06 11:48:16,973 : Unsupported Unop Iop_GetMSBs8x16.
2024-09-06 11:48:16,981 : Unsupported Unop Iop_GetMSBs8x16.
2024-09-06 11:48:16,987 : Unsupported Unop Iop_GetMSBs8x16.
2024-09-06 11:48:17,110 : Reading memory with overlapping variables: [(0, <0x4344de[is_29]|Stack bp-0x130, 8 B>), (-8, <0x4344de[is_30]|Stack bp-0x128, 8 B>)]. Ignoring all but the first one.
2024-09-06 11:48:18,176 : Failed to store register definition <MultiValues({0: {<BV1 TOP>}})> at 224.
Traceback (most recent call last):
  File "/home/silvia/.local/lib/python3.10/site-packages/angr/knowledge_plugins/key_definitions/live_definitions.py", line 574, in kill_and_add_definition
    self.registers.store(
  File "/home/silvia/.local/lib/python3.10/site-packages/angr/storage/memory_mixins/size_resolution_mixin.py", line 44, in store
    raise SimMemoryError("Not enough data for store")
angr.errors.SimMemoryError: Not enough data for store
2024-09-06 11:48:21,407 : Unsupported Unop Iop_GetMSBs8x16.
2024-09-06 11:48:21,411 : Unsupported Unop Iop_GetMSBs8x16.
2024-09-06 11:48:21,703 : Unsupported Unop Iop_GetMSBs8x16.
2024-09-06 11:48:21,706 : Unsupported Unop Iop_GetMSBs8x16.
2024-09-06 11:48:22,370 : Reading memory with overlapping variables: [(0, <0x43b418[is_28]|Stack bp-0xe0, 8 B>), (-8, <0x43b418[is_29]|Stack bp-0xd8, 8 B>)]. Ignoring all but the first one.
2024-09-06 11:48:22,374 : Unsupported Unop Iop_GetMSBs8x16.
2024-09-06 11:48:22,382 : Unsupported Unop Iop_GetMSBs8x16.
2024-09-06 11:48:22,388 : Unsupported Unop Iop_GetMSBs8x16.
2024-09-06 11:48:22,395 : Unsupported Unop Iop_GetMSBs8x16.
2024-09-06 11:48:22,471 : Reading memory with overlapping variables: [(0, <0x43b71f[is_34]|Stack bp-0x3d0, 8 B>), (-8, <0x43b71f[is_35]|Stack bp-0x3c8, 8 B>)]. Ignoring all but the first one.
2024-09-06 11:48:22,507 : Unsupported Unop Iop_GetMSBs8x16.
2024-09-06 11:48:22,520 : Unsupported Unop Iop_GetMSBs8x16.
2024-09-06 11:48:22,553 : Unsupported Unop Iop_GetMSBs8x16.
2024-09-06 11:48:22,566 : Unsupported Unop Iop_GetMSBs8x16.
2024-09-06 11:48:22,580 : Unsupported Unop Iop_GetMSBs8x16.
2024-09-06 11:48:22,602 : Unsupported Unop Iop_GetMSBs8x16.
2024-09-06 11:48:22,609 : Unsupported Unop Iop_GetMSBs8x16.
2024-09-06 11:48:22,630 : Unsupported Unop Iop_GetMSBs8x16.
2024-09-06 11:48:23,700 : Reading memory with overlapping variables: [(0, <0x43d22a[is_190]|Stack bp-0xa00, 1 B>), (0, <0x43d22a[is_163]|Stack bp-0xa00, 1 B>)]. Ignoring all but the first one.
2024-09-06 11:48:23,703 : Reading memory with overlapping variables: [(0, <0x43d22a[is_193]|Stack bp-0x9e0, 1 B>), (0, <0x43d22a[is_166]|Stack bp-0x9e0, 1 B>)]. Ignoring all but the first one.
2024-09-06 11:48:23,713 : Reading memory with overlapping variables: [(0, <0x43d22a[is_162]|Stack bp-0x9f0, 1 B>), (0, <0x43d22a[is_189]|Stack bp-0x9f0, 1 B>)]. Ignoring all but the first one.
2024-09-06 11:48:23,716 : Reading memory with overlapping variables: [(0, <0x43d22a[is_191]|Stack bp-0x9d0, 1 B>), (0, <0x43d22a[is_164]|Stack bp-0x9d0, 1 B>)]. Ignoring all but the first one.
2024-09-06 11:48:24,036 : Unsupported Binop Iop_QAdd8Sx16.
2024-09-06 11:48:24,058 : Unsupported Binop Iop_QSub8Sx16.
2024-09-06 11:48:24,161 : Unsupported Binop Iop_Max8Ux16.
2024-09-06 11:48:24,165 : Reading memory with overlapping variables: [(0, <0x43ebd7[is_47]|Stack bp-0x210, 8 B>), (-8, <0x43ebd7[is_48]|Stack bp-0x208, 8 B>)]. Ignoring all but the first one.
2024-09-06 11:48:24,460 : Reading memory with overlapping variables: [(0, <0x43f134[is_30]|Stack bp-0x160, 8 B>), (-8, <0x43f134[is_31]|Stack bp-0x158, 8 B>)]. Ignoring all but the first one.
2024-09-06 11:48:24,487 : Reading memory with overlapping variables: [(0, <0x43f134[is_52]|Stack bp-0x160, 8 B>), (-8, <0x43f134[is_53]|Stack bp-0x158, 8 B>)]. Ignoring all but the first one.
2024-09-06 11:48:24,635 : Reading memory with overlapping variables: [(0, <0x43f675[is_39]|Stack bp-0x180, 8 B>), (-8, <0x43f675[is_40]|Stack bp-0x178, 8 B>)]. Ignoring all but the first one.
2024-09-06 11:48:24,728 : Reading memory with overlapping variables: [(0, <0x43fa38[is_32]|Stack bp-0x2a0, 8 B>), (-8, <0x43fa38[is_33]|Stack bp-0x298, 8 B>)]. Ignoring all but the first one.
2024-09-06 11:48:24,766 : Reading memory with overlapping variables: [(0, <0x43fa38[is_61]|Stack bp-0x2a0, 8 B>), (-8, <0x43fa38[is_62]|Stack bp-0x298, 8 B>)]. Ignoring all but the first one.
2024-09-06 11:48:24,771 : Unsupported Binop Iop_QAdd8Ux16.
2024-09-06 11:48:24,951 : Reading memory with overlapping variables: [(0, <0x4400e7[is_32]|Stack bp-0x1d0, 8 B>), (-8, <0x4400e7[is_33]|Stack bp-0x1c8, 8 B>)]. Ignoring all but the first one.
2024-09-06 11:48:25,099 : Reading memory with overlapping variables: [(0, <0x440561[is_34]|Stack bp-0x480, 8 B>), (-8, <0x440561[is_35]|Stack bp-0x478, 8 B>)]. Ignoring all but the first one.
2024-09-06 11:48:25,129 : Reading memory with overlapping variables: [(0, <0x440561[is_56]|Stack bp-0x480, 8 B>), (-8, <0x440561[is_57]|Stack bp-0x478, 8 B>)]. Ignoring all but the first one.
2024-09-06 11:48:25,159 : Reading memory with overlapping variables: [(0, <0x440561[is_78]|Stack bp-0x480, 8 B>), (-8, <0x440561[is_79]|Stack bp-0x478, 8 B>)]. Ignoring all but the first one.
2024-09-06 11:48:25,189 : Reading memory with overlapping variables: [(0, <0x440561[is_100]|Stack bp-0x480, 8 B>), (-8, <0x440561[is_101]|Stack bp-0x478, 8 B>)]. Ignoring all but the first one.
2024-09-06 11:48:25,443 : Reading memory with overlapping variables: [(0, <0x4413ce[is_36]|Stack bp-0x480, 8 B>), (-8, <0x4413ce[is_37]|Stack bp-0x478, 8 B>)]. Ignoring all but the first one.
2024-09-06 11:48:26,324 : Reading memory with overlapping variables: [(0, <0x44284f[is_35]|Stack bp-0x140, 8 B>), (-8, <0x44284f[is_36]|Stack bp-0x138, 8 B>)]. Ignoring all but the first one.
2024-09-06 11:48:29,044 : Reading memory with overlapping variables: [(0, <None[is_98]|Stack sp-0x380, 16 B>), (0, <0x4439fc[is_13]|Stack bp-0x380, 16 B>)]. Ignoring all but the first one.
2024-09-06 11:48:29,047 : Reading memory with overlapping variables: [(0, <None[is_99]|Stack sp-0x370, 16 B>), (0, <0x4439fc[is_15]|Stack bp-0x370, 16 B>)]. Ignoring all but the first one.
2024-09-06 11:48:29,201 : Reading memory with overlapping variables: [(0, <None[is_87]|Stack sp-0x330, 16 B>), (0, <0x4441a0[is_80]|Stack bp-0x330, 16 B>)]. Ignoring all but the first one.
2024-09-06 11:48:29,202 : Reading memory with overlapping variables: [(0, <None[is_86]|Stack sp-0x340, 16 B>), (0, <0x4441a0[is_79]|Stack bp-0x340, 16 B>)]. Ignoring all but the first one.
2024-09-06 11:48:29,204 : Reading memory with overlapping variables: [(0, <None[is_86]|Stack sp-0x340, 16 B>), (0, <0x4441a0[is_79]|Stack bp-0x340, 16 B>)]. Ignoring all but the first one.
2024-09-06 11:48:29,205 : Reading memory with overlapping variables: [(0, <None[is_87]|Stack sp-0x330, 16 B>), (0, <0x4441a0[is_80]|Stack bp-0x330, 16 B>)]. Ignoring all but the first one.
2024-09-06 11:48:29,219 : Reading memory with overlapping variables: [(0, <None[is_86]|Stack sp-0x340, 16 B>), (0, <0x4441a0[is_79]|Stack bp-0x340, 16 B>)]. Ignoring all but the first one.
2024-09-06 11:48:29,222 : Reading memory with overlapping variables: [(0, <None[is_86]|Stack sp-0x340, 16 B>), (0, <0x4441a0[is_79]|Stack bp-0x340, 16 B>)]. Ignoring all but the first one.
2024-09-06 11:48:30,140 : Reading memory with overlapping variables: [(0, <0x447695[is_27]|Stack bp-0x1d0, 8 B>), (-8, <0x447695[is_28]|Stack bp-0x1c8, 8 B>)]. Ignoring all but the first one.
2024-09-06 11:48:30,222 : Reading memory with overlapping variables: [(0, <0x447aa6[is_27]|Stack bp-0x200, 8 B>), (-8, <0x447aa6[is_28]|Stack bp-0x1f8, 8 B>)]. Ignoring all but the first one.
2024-09-06 11:48:30,309 : Reading memory with overlapping variables: [(0, <0x447f43[is_27]|Stack bp-0x240, 8 B>), (-8, <0x447f43[is_28]|Stack bp-0x238, 8 B>)]. Ignoring all but the first one.
2024-09-06 11:48:30,416 : Reading memory with overlapping variables: [(0, <0x4484cf[is_27]|Stack bp-0x2f0, 8 B>), (-8, <0x4484cf[is_28]|Stack bp-0x2e8, 8 B>)]. Ignoring all but the first one.
2024-09-06 11:48:30,522 : Reading memory with overlapping variables: [(0, <0x448ab0[is_27]|Stack bp-0x260, 8 B>), (-8, <0x448ab0[is_28]|Stack bp-0x258, 8 B>)]. Ignoring all but the first one.
2024-09-06 11:48:30,952 : Reading memory with overlapping variables: [(0, <0x4499bb[is_28]|Stack bp-0x90, 8 B>), (-8, <0x4499bb[is_29]|Stack bp-0x88, 8 B>)]. Ignoring all but the first one.
2024-09-06 11:48:30,989 : Reading memory with overlapping variables: [(0, <0x4499bb[is_28]|Stack bp-0x90, 8 B>), (-8, <0x4499bb[is_29]|Stack bp-0x88, 8 B>)]. Ignoring all but the first one.
2024-09-06 11:48:31,039 : Reading memory with overlapping variables: [(0, <0x4499bb[is_28]|s_90(stack) bp-0x90, 8 B>), (-8, <0x4499bb[is_29]|s_88(stack) bp-0x88, 8 B>)]. Ignoring all but the first one.
2024-09-06 11:48:31,277 : Reading memory with overlapping variables: [(0, <0x44a077[is_29]|Stack bp-0xa0, 8 B>), (-8, <0x44a077[is_30]|Stack bp-0x98, 8 B>)]. Ignoring all but the first one.
2024-09-06 11:48:32,259 : Unsupported Binop Iop_ShrN64x2.
2024-09-06 11:48:33,549 : Reading memory with overlapping variables: [(0, <0x44e4fd[is_29]|Stack bp-0x130, 8 B>), (-8, <0x44e4fd[is_30]|Stack bp-0x128, 8 B>)]. Ignoring all but the first one.
2024-09-06 11:48:33,708 : Reading memory with overlapping variables: [(0, <0x44e7f2[is_29]|Stack bp-0x160, 8 B>), (-8, <0x44e7f2[is_30]|Stack bp-0x158, 8 B>)]. Ignoring all but the first one.
2024-09-06 11:48:34,841 : Reading memory with overlapping variables: [(0, <0x450048[is_50]|Stack bp-0x110, 16 B>), (0, <0x450048[is_22]|Stack bp-0x110, 1 B>)]. Ignoring all but the first one.
2024-09-06 11:48:38,274 : Reading memory with overlapping variables: [(0, <0x4527eb[is_29]|Stack bp-0x370, 8 B>), (-8, <0x4527eb[is_30]|Stack bp-0x368, 8 B>)]. Ignoring all but the first one.
2024-09-06 11:48:38,302 : Reading memory with overlapping variables: [(0, <0x4527eb[is_51]|Stack bp-0x370, 8 B>), (-8, <0x4527eb[is_52]|Stack bp-0x368, 8 B>)]. Ignoring all but the first one.
2024-09-06 11:48:38,472 : Reading memory with overlapping variables: [(0, <0x452fd1[is_29]|Stack bp-0x440, 8 B>), (-8, <0x452fd1[is_30]|Stack bp-0x438, 8 B>)]. Ignoring all but the first one.
2024-09-06 11:48:38,501 : Reading memory with overlapping variables: [(0, <0x452fd1[is_51]|Stack bp-0x440, 8 B>), (-8, <0x452fd1[is_52]|Stack bp-0x438, 8 B>)]. Ignoring all but the first one.
2024-09-06 11:48:38,530 : Reading memory with overlapping variables: [(0, <0x452fd1[is_73]|Stack bp-0x440, 8 B>), (-8, <0x452fd1[is_74]|Stack bp-0x438, 8 B>)]. Ignoring all but the first one.
2024-09-06 11:48:39,134 : Reading memory with overlapping variables: [(0, <0x45432c[is_10]|Stack bp-0xc0, 1 B>), (0, <0x45432c[is_13]|Stack bp-0xc0, 1 B>)]. Ignoring all but the first one.
2024-09-06 11:48:39,150 : Reading memory with overlapping variables: [(0, <0x45432c[is_10]|Stack bp-0xc0, 1 B>), (0, <0x45432c[is_13]|Stack bp-0xc0, 1 B>)]. Ignoring all but the first one.
2024-09-06 11:48:39,442 : Unsupported Binop Iop_Add64x2.
2024-09-06 11:48:40,163 : Unsupported Binop Iop_Sub64x2.
2024-09-06 11:48:40,172 : Reading memory with overlapping variables: [(0, <0x455f37[is_26]|Stack bp-0x250, 16 B>), (0, <0x455f37[is_34]|Stack bp-0x250, 1 B>)]. Ignoring all but the first one.
2024-09-06 11:48:41,279 : Reading memory with overlapping variables: [(0, <0x456c50[is_29]|Stack bp-0x6f0, 8 B>), (-8, <0x456c50[is_30]|Stack bp-0x6e8, 8 B>)]. Ignoring all but the first one.
2024-09-06 11:48:41,528 : Reading memory with overlapping variables: [(0, <0x457667[is_55]|Stack bp-0x1000, 8 B>), (-8, <0x457667[is_56]|Stack bp-0xff8, 8 B>)]. Ignoring all but the first one.
2024-09-06 11:48:41,692 : Reading memory with overlapping variables: [(0, <0x457667[is_183]|Stack bp-0x1000, 8 B>), (-8, <0x457667[is_184]|Stack bp-0xff8, 8 B>)]. Ignoring all but the first one.
2024-09-06 11:48:41,888 : Reading memory with overlapping variables: [(0, <0x457667[is_55]|Stack bp-0x1000, 8 B>), (-8, <0x457667[is_56]|Stack bp-0xff8, 8 B>)]. Ignoring all but the first one.
2024-09-06 11:48:42,036 : Reading memory with overlapping variables: [(0, <0x457667[is_183]|Stack bp-0x1000, 8 B>), (-8, <0x457667[is_184]|Stack bp-0xff8, 8 B>)]. Ignoring all but the first one.
2024-09-06 11:48:42,413 : Reading memory with overlapping variables: [(0, <0x457667[is_55]|s_1000(stack) bp-0x1000, 8 B>), (-8, <0x457667[is_56]|s_ff8(stack) bp-0xff8, 8 B>)]. Ignoring all but the first one.
2024-09-06 11:48:42,573 : Reading memory with overlapping variables: [(0, <0x457667[is_183]|s_1000(stack) bp-0x1000, 8 B>), (-8, <0x457667[is_184]|s_ff8(stack) bp-0xff8, 8 B>)]. Ignoring all but the first one.
2024-09-06 11:48:42,766 : Reading memory with overlapping variables: [(0, <0x457667[is_55]|s_1000(stack) bp-0x1000, 8 B>), (-8, <0x457667[is_56]|s_ff8(stack) bp-0xff8, 8 B>)]. Ignoring all but the first one.
2024-09-06 11:48:42,917 : Reading memory with overlapping variables: [(0, <0x457667[is_183]|s_1000(stack) bp-0x1000, 8 B>), (-8, <0x457667[is_184]|s_ff8(stack) bp-0xff8, 8 B>)]. Ignoring all but the first one.
2024-09-06 11:48:43,294 : Reading memory with overlapping variables: [(0, <0x457667[is_55]|s_1000(stack) bp-0x1000, 8 B>), (-8, <0x457667[is_56]|s_ff8(stack) bp-0xff8, 8 B>)]. Ignoring all but the first one.
2024-09-06 11:48:43,457 : Reading memory with overlapping variables: [(0, <0x457667[is_183]|s_1000(stack) bp-0x1000, 8 B>), (-8, <0x457667[is_184]|s_ff8(stack) bp-0xff8, 8 B>)]. Ignoring all but the first one.
2024-09-06 11:48:43,654 : Reading memory with overlapping variables: [(0, <0x457667[is_55]|s_1000(stack) bp-0x1000, 8 B>), (-8, <0x457667[is_56]|s_ff8(stack) bp-0xff8, 8 B>)]. Ignoring all but the first one.
2024-09-06 11:48:43,803 : Reading memory with overlapping variables: [(0, <0x457667[is_183]|s_1000(stack) bp-0x1000, 8 B>), (-8, <0x457667[is_184]|s_ff8(stack) bp-0xff8, 8 B>)]. Ignoring all but the first one.
2024-09-06 11:48:44,198 : Reading memory with overlapping variables: [(0, <0x457667[is_55]|s_1000(stack) bp-0x1000, 8 B>), (-8, <0x457667[is_56]|s_ff8(stack) bp-0xff8, 8 B>)]. Ignoring all but the first one.
2024-09-06 11:48:44,361 : Reading memory with overlapping variables: [(0, <0x457667[is_183]|s_1000(stack) bp-0x1000, 8 B>), (-8, <0x457667[is_184]|s_ff8(stack) bp-0xff8, 8 B>)]. Ignoring all but the first one.
2024-09-06 11:48:44,557 : Reading memory with overlapping variables: [(0, <0x457667[is_55]|s_1000(stack) bp-0x1000, 8 B>), (-8, <0x457667[is_56]|s_ff8(stack) bp-0xff8, 8 B>)]. Ignoring all but the first one.
2024-09-06 11:48:44,700 : Reading memory with overlapping variables: [(0, <0x457667[is_183]|s_1000(stack) bp-0x1000, 8 B>), (-8, <0x457667[is_184]|s_ff8(stack) bp-0xff8, 8 B>)]. Ignoring all but the first one.
2024-09-06 11:48:45,076 : Reading memory with overlapping variables: [(0, <0x457667[is_55]|s_1000(stack) bp-0x1000, 8 B>), (-8, <0x457667[is_56]|s_ff8(stack) bp-0xff8, 8 B>)]. Ignoring all but the first one.
2024-09-06 11:48:45,237 : Reading memory with overlapping variables: [(0, <0x457667[is_183]|s_1000(stack) bp-0x1000, 8 B>), (-8, <0x457667[is_184]|s_ff8(stack) bp-0xff8, 8 B>)]. Ignoring all but the first one.
2024-09-06 11:48:45,431 : Reading memory with overlapping variables: [(0, <0x457667[is_55]|s_1000(stack) bp-0x1000, 8 B>), (-8, <0x457667[is_56]|s_ff8(stack) bp-0xff8, 8 B>)]. Ignoring all but the first one.
2024-09-06 11:48:45,577 : Reading memory with overlapping variables: [(0, <0x457667[is_183]|s_1000(stack) bp-0x1000, 8 B>), (-8, <0x457667[is_184]|s_ff8(stack) bp-0xff8, 8 B>)]. Ignoring all but the first one.
2024-09-06 11:48:45,947 : Reading memory with overlapping variables: [(0, <0x457667[is_55]|s_1000(stack) bp-0x1000, 8 B>), (-8, <0x457667[is_56]|s_ff8(stack) bp-0xff8, 8 B>)]. Ignoring all but the first one.
2024-09-06 11:48:46,108 : Reading memory with overlapping variables: [(0, <0x457667[is_183]|s_1000(stack) bp-0x1000, 8 B>), (-8, <0x457667[is_184]|s_ff8(stack) bp-0xff8, 8 B>)]. Ignoring all but the first one.
2024-09-06 11:48:46,297 : Reading memory with overlapping variables: [(0, <0x457667[is_55]|s_1000(stack) bp-0x1000, 8 B>), (-8, <0x457667[is_56]|s_ff8(stack) bp-0xff8, 8 B>)]. Ignoring all but the first one.
2024-09-06 11:48:46,443 : Reading memory with overlapping variables: [(0, <0x457667[is_183]|s_1000(stack) bp-0x1000, 8 B>), (-8, <0x457667[is_184]|s_ff8(stack) bp-0xff8, 8 B>)]. Ignoring all but the first one.
2024-09-06 11:48:46,814 : Reading memory with overlapping variables: [(0, <0x457667[is_55]|s_1000(stack) bp-0x1000, 8 B>), (-8, <0x457667[is_56]|s_ff8(stack) bp-0xff8, 8 B>)]. Ignoring all but the first one.
2024-09-06 11:48:46,970 : Reading memory with overlapping variables: [(0, <0x457667[is_183]|s_1000(stack) bp-0x1000, 8 B>), (-8, <0x457667[is_184]|s_ff8(stack) bp-0xff8, 8 B>)]. Ignoring all but the first one.
2024-09-06 11:48:49,771 : Reading memory with overlapping variables: [(0, <0x457667[is_55]|s_1000(stack) bp-0x1000, 8 B>), (-8, <0x457667[is_56]|s_ff8(stack) bp-0xff8, 8 B>)]. Ignoring all but the first one.
2024-09-06 11:48:49,916 : Reading memory with overlapping variables: [(0, <0x457667[is_183]|s_1000(stack) bp-0x1000, 8 B>), (-8, <0x457667[is_184]|s_ff8(stack) bp-0xff8, 8 B>)]. Ignoring all but the first one.
2024-09-06 11:48:51,701 : Unsupported Binop Iop_QAdd16Ux8.
2024-09-06 11:48:51,702 : Unsupported Binop Iop_QSub16Ux8.
2024-09-06 11:48:52,055 : Reading memory with overlapping variables: [(0, <0x466818[is_37]|Stack bp-0x210, 8 B>), (-8, <0x466818[is_38]|Stack bp-0x208, 8 B>)]. Ignoring all but the first one.
2024-09-06 11:48:52,138 : Reading memory with overlapping variables: [(0, <0x466c2b[is_39]|Stack bp-0x2e0, 8 B>), (-8, <0x466c2b[is_40]|Stack bp-0x2d8, 8 B>)]. Ignoring all but the first one.
2024-09-06 11:48:52,172 : Reading memory with overlapping variables: [(0, <0x466c2b[is_63]|Stack bp-0x2e0, 8 B>), (-8, <0x466c2b[is_64]|Stack bp-0x2d8, 8 B>)]. Ignoring all but the first one.
2024-09-06 11:48:52,207 : Reading memory with overlapping variables: [(0, <0x466c2b[is_89]|Stack bp-0x2e0, 8 B>), (-8, <0x466c2b[is_90]|Stack bp-0x2d8, 8 B>)]. Ignoring all but the first one.
2024-09-06 11:48:52,245 : Reading memory with overlapping variables: [(0, <0x466c2b[is_115]|Stack bp-0x2e0, 8 B>), (-8, <0x466c2b[is_116]|Stack bp-0x2d8, 8 B>)]. Ignoring all but the first one.
2024-09-06 11:48:54,784 : Reading memory with overlapping variables: [(0, <None[is_65]|Stack sp-0x170, 16 B>), (0, <0x46b203[is_21]|Stack bp-0x170, 1 B>)]. Ignoring all but the first one.
2024-09-06 11:48:54,787 : Reading memory with overlapping variables: [(0, <None[is_66]|Stack sp-0x160, 16 B>), (0, <0x46b203[is_20]|Stack bp-0x160, 1 B>)]. Ignoring all but the first one.
2024-09-06 11:48:55,137 : Unsupported Binop Iop_SarN16x4.
2024-09-06 11:48:55,137 : Unsupported Binop Iop_Sub16x4.
2024-09-06 11:48:55,795 : Unsupported Binop Iop_SarN8x8.
2024-09-06 11:48:55,795 : Unsupported Binop Iop_ShlN8x8.
2024-09-06 11:48:55,795 : Unsupported Binop Iop_Perm8x8.
2024-09-06 11:48:55,962 : Unsupported Unop Iop_GetMSBs8x16.
2024-09-06 11:48:55,976 : Unsupported Unop Iop_GetMSBs8x16.
2024-09-06 11:48:55,979 : Unsupported Unop Iop_GetMSBs8x16.
2024-09-06 11:48:55,981 : Unsupported Unop Iop_GetMSBs8x16.
2024-09-06 11:48:56,112 : Unsupported Binop Iop_InterleaveHI32x2.
2024-09-06 11:48:56,112 : Unsupported Binop Iop_InterleaveLO32x2.
2024-09-06 11:48:56,112 : Unsupported Binop Iop_Add32x2.
2024-09-06 11:48:56,112 : Unsupported Binop Iop_Mul32x4.
2024-09-06 11:48:57,017 : Unsupported Unop Iop_GetMSBs8x16.
2024-09-06 11:48:57,021 : Unsupported Unop Iop_GetMSBs8x16.
2024-09-06 11:48:57,315 : Unsupported Binop Iop_SarN8x16.
2024-09-06 11:49:06,383 : Reading memory with overlapping variables: [(0, <None[is_65]|Stack sp-0x170, 16 B>), (0, <0x47cf26[is_21]|Stack bp-0x170, 1 B>)]. Ignoring all but the first one.
2024-09-06 11:49:06,386 : Reading memory with overlapping variables: [(0, <None[is_66]|Stack sp-0x160, 16 B>), (0, <0x47cf26[is_20]|Stack bp-0x160, 1 B>)]. Ignoring all but the first one.
2024-09-06 11:49:06,856 : Unsupported Binop Iop_F64toF32.
2024-09-06 11:49:07,291 : Reading memory with overlapping variables: [(0, <None[is_104]|Stack sp-0x200, 8 B>), (0, <None[is_111]|Stack sp-0x200, 8 B>)]. Ignoring all but the first one.
2024-09-06 11:49:07,603 : Unsupported Binop Iop_F64toI32S.
2024-09-06 11:49:16,879 : Reading memory with overlapping variables: [(0, <0x48460e[is_25]|Stack bp-0x170, 1 B>), (0, <0x48460e[is_15]|Stack bp-0x170, 1 B>)]. Ignoring all but the first one.
2024-09-06 11:49:17,033 : Reading memory with overlapping variables: [(0, <None[is_30]|Stack sp-0x170, 1 B>), (0, <0x48460e[is_15]|Stack bp-0x170, 1 B>)]. Ignoring all but the first one.
2024-09-06 11:49:21,888 : Reading memory with overlapping variables: [(0, <0x489be2[is_54]|Stack bp-0x1280, 1 B>), (0, <0x489be2[is_58]|Stack bp-0x1280, 1 B>)]. Ignoring all but the first one.
2024-09-06 11:49:21,921 : Reading memory with overlapping variables: [(0, <None[is_62]|Stack sp-0x1280, 1 B>), (0, <0x489be2[is_54]|Stack bp-0x1280, 1 B>)]. Ignoring all but the first one.
2024-09-06 11:49:24,797 : Reading memory with overlapping variables: [(0, <None[is_26]|Stack sp-0x20, 4 B>), (-4, <None[is_27]|Stack sp-0x1c, 4 B>)]. Ignoring all but the first one.
2024-09-06 11:49:35,885 : Reading memory with overlapping variables: [(0, <0x493d7e[is_12]|Stack bp-0x118, 4 B>), (-4, <0x493d7e[is_13]|Stack bp-0x114, 4 B>)]. Ignoring all but the first one.
2024-09-06 11:49:35,888 : Reading memory with overlapping variables: [(0, <0x493d7e[is_19]|Stack bp-0xf8, 4 B>), (-4, <0x493d7e[is_27]|Stack bp-0xf4, 4 B>)]. Ignoring all but the first one.
2024-09-06 11:49:36,207 : Reading memory with overlapping variables: [(0, <0x49441f[is_13]|Stack bp-0x118, 4 B>), (-4, <0x49441f[is_14]|Stack bp-0x114, 4 B>)]. Ignoring all but the first one.
2024-09-06 11:49:36,209 : Reading memory with overlapping variables: [(0, <0x49441f[is_48]|Stack bp-0xf8, 4 B>), (-4, <0x49441f[is_55]|Stack bp-0xf4, 4 B>)]. Ignoring all but the first one.
2024-09-06 11:49:40,775 : Reading memory with overlapping variables: [(0, <0x497f4c[is_50]|Stack bp-0x862, 1 B>), (-1, <0x497f4c[is_51]|Stack bp-0x861, 1 B>)]. Ignoring all but the first one.
2024-09-06 11:49:40,911 : Reading memory with overlapping variables: [(0, <None[is_74]|Stack sp-0x862, 1 B>), (-1, <0x497f4c[is_51]|Stack bp-0x861, 1 B>)]. Ignoring all but the first one.
2024-09-06 11:49:40,923 : Reading memory with overlapping variables: [(0, <0x497f4c[is_50]|Stack bp-0x862, 1 B>), (-1, <0x497f4c[is_51]|Stack bp-0x861, 1 B>)]. Ignoring all but the first one.
2024-09-06 11:49:54,700 : Reading memory with overlapping variables: [(0, <0x49fcb0[is_23]|Stack bp-0x4c, 1 B>), (0, <0x49fcb0[is_30]|Stack bp-0x4c, 1 B>)]. Ignoring all but the first one.
2024-09-06 11:49:55,777 : Reading memory with overlapping variables: [(0, <0x4a0eb7[is_23]|Stack bp-0x20, 1 B>), (0, <0x4a0eb7[is_32]|Stack bp-0x20, 1 B>)]. Ignoring all but the first one.
2024-09-06 11:49:55,872 : Reading memory with overlapping variables: [(0, <None[is_43]|Stack sp-0x20, 1 B>), (0, <0x4a0eb7[is_32]|Stack bp-0x20, 1 B>)]. Ignoring all but the first one.
2024-09-06 11:49:56,919 : Reading memory with overlapping variables: [(0, <0x4a2316[is_30]|Stack bp-0x34, 1 B>), (0, <0x4a2316[is_19]|Stack bp-0x34, 1 B>)]. Ignoring all but the first one.
2024-09-06 11:50:01,832 : Reading memory with overlapping variables: [(0, <0x4a6af7[is_51]|Stack bp-0x9c, 1 B>), (-2, <0x4a6af7[is_53]|Stack bp-0x9a, 2 B>)]. Ignoring all but the first one.
2024-09-06 11:50:01,917 : Reading memory with overlapping variables: [(0, <0x4a6af7[is_51]|Stack bp-0x9c, 1 B>), (0, <0x4a6af7[is_108]|Stack bp-0x9c, 1 B>), (-2, <0x4a6af7[is_110]|Stack bp-0x9a, 2 B>)]. Ignoring all but the first one.
2024-09-06 11:50:01,973 : Reading memory with overlapping variables: [(0, <0x4a6af7[is_51]|Stack bp-0x9c, 1 B>), (0, <0x4a6af7[is_108]|Stack bp-0x9c, 1 B>), (-2, <0x4a6af7[is_110]|Stack bp-0x9a, 2 B>)]. Ignoring all but the first one.
2024-09-06 11:50:07,885 : Call graph genereted
2024-09-06 11:50:07,890 : Rule 2
2024-09-06 11:50:08,004 : Rule 10
2024-09-06 11:50:08,116 : Rule 12
2024-09-06 11:50:08,238 : Graph distance
2024-09-06 11:50:08,242 : Function Name: WebPSafeFree
2024-09-06 11:50:08,242 : Function Address: 4891002
2024-09-06 11:50:08,242 : Function Type: (long long (64 bits)) -> long long (64 bits)
2024-09-06 11:50:08,242 : Distance: 1
2024-09-06 11:50:08,242 : Values: [None]
2024-09-06 11:50:08,242 : Symbolic parameters: [None]
2024-09-06 11:50:08,242 : Function Name: free
2024-09-06 11:50:08,242 : Function Address: 4207568
2024-09-06 11:50:08,242 : Function Type: (void*) -> void
2024-09-06 11:50:08,242 : Distance: inf
2024-09-06 11:50:08,242 : Values: [None]
2024-09-06 11:50:08,242 : Symbolic parameters: [None]
2024-09-06 11:50:08,243 : Rule 14
2024-09-06 11:50:08,359 : Rule 15
2024-09-06 11:50:08,479 : Rule 16
2024-09-06 11:50:08,614 : Rule 17
